<?xml version="1.0" encoding="UTF-8"?>
<testsuite xmlns:xsi="http://www.w3.org/2001/XMLSchema-instance" xsi:noNamespaceSchemaLocation="https://maven.apache.org/surefire/maven-surefire-plugin/xsd/surefire-test-report-3.0.xsd" version="3.0" name="com.minip.financialtracker.service.FinancialTrackerTest" time="0.081" tests="4" errors="0" skipped="0" failures="0">
  <properties>
[...]
</properties>
  <testcase name="monthlySummaryIncludesTransactions" classname="com.minip.financialtracker.service.FinancialTrackerTest" time="0.054"/>
  <testcase name="dueSubscriptionsCreateSingleExpensePerMonth" classname="com.minip.financialtracker.service.FinancialTrackerTest" time="0.006"/>
  <testcase name="budgetStatusShowsRemainingAmount" classname="com.minip.financialtracker.service.FinancialTrackerTest" time="0.002"/>
  <testcase name="balanceReflectsIncomeAndExpenses" classname="com.minip.financialtracker.service.FinancialTrackerTest" time="0.001"/>
</testsuite>